<?xml version="1.0" encoding="UTF-8"?>
<testng-results skipped="0" failed="1" ignored="0" total="1" passed="0">
  <reporter-output>
  </reporter-output>
  <suite name="Suite" duration-ms="10692" started-at="2021-01-08T17:41:52 EST" finished-at="2021-01-08T17:42:02 EST">
    <groups>
      <group name="cucumber">
        <method signature="AbstractTestNGCucumberTests.runScenario(io.cucumber.testng.PickleWrapper, io.cucumber.testng.FeatureWrapper)[pri:0, instance:fedex.runner.FortFedexRunner$RunCucumberTest@670b40af]" name="runScenario" class="io.cucumber.testng.AbstractTestNGCucumberTests"/>
      </group> <!-- cucumber -->
    </groups>
    <test name="Test" duration-ms="10692" started-at="2021-01-08T17:41:52 EST" finished-at="2021-01-08T17:42:02 EST">
      <class name="fedex.runner.FortFedexRunner$RunCucumberTest">
        <test-method status="PASS" signature="setUpClass()[pri:0, instance:fedex.runner.FortFedexRunner$RunCucumberTest@670b40af]" name="setUpClass" is-config="true" duration-ms="339" started-at="2021-01-08T17:41:52 EST" finished-at="2021-01-08T17:41:52 EST">
          <reporter-output>
          </reporter-output>
        </test-method> <!-- setUpClass -->
        <test-method status="PASS" signature="setup()[pri:0, instance:fedex.runner.FortFedexRunner$RunCucumberTest@670b40af]" name="setup" is-config="true" duration-ms="0" started-at="2021-01-08T17:41:52 EST" finished-at="2021-01-08T17:41:52 EST">
          <reporter-output>
          </reporter-output>
        </test-method> <!-- setup -->
        <test-method status="FAIL" signature="runScenario(io.cucumber.testng.PickleWrapper, io.cucumber.testng.FeatureWrapper)[pri:0, instance:fedex.runner.FortFedexRunner$RunCucumberTest@670b40af]" name="runScenario" duration-ms="10255" started-at="2021-01-08T17:41:52 EST" description="Runs Cucumber Scenarios" data-provider="scenarios" finished-at="2021-01-08T17:42:02 EST">
          <params>
            <param index="0">
              <value>
                <![CDATA["As a user , I can verify to download coupon as pdf file"]]>
              </value>
            </param>
            <param index="1">
              <value>
                <![CDATA["Verify to download coupon as pdf file"]]>
              </value>
            </param>
          </params>
          <exception class="java.lang.NullPointerException">
            <full-stacktrace>
              <![CDATA[java.lang.NullPointerException
at fedex.actions.VerifyPdfActions.designPrintMenu(VerifyPdfActions.java:28)
at fedex.stepDef.VerifyPdfStepDef.click_on_design_and_print_menu_select_Get_coupon_and_deals(VerifyPdfStepDef.java:18)
at ✽.click on design and print menu , select Get coupon and deals(file:///C:/Users/mhsun/eclipse-workspace/FortFedexProject/src/test/resources/Features/VerifyPdf.feature:7)
]]>
            </full-stacktrace>
          </exception> <!-- java.lang.NullPointerException -->
          <reporter-output>
          </reporter-output>
        </test-method> <!-- runScenario -->
        <test-method status="PASS" signature="afterClass()[pri:0, instance:fedex.runner.FortFedexRunner$RunCucumberTest@670b40af]" name="afterClass" is-config="true" duration-ms="0" started-at="2021-01-08T17:42:02 EST" finished-at="2021-01-08T17:42:02 EST">
          <reporter-output>
          </reporter-output>
        </test-method> <!-- afterClass -->
        <test-method status="PASS" signature="tearDownClass()[pri:0, instance:fedex.runner.FortFedexRunner$RunCucumberTest@670b40af]" name="tearDownClass" is-config="true" duration-ms="67" started-at="2021-01-08T17:42:02 EST" finished-at="2021-01-08T17:42:02 EST">
          <reporter-output>
          </reporter-output>
        </test-method> <!-- tearDownClass -->
      </class> <!-- fedex.runner.FortFedexRunner$RunCucumberTest -->
    </test> <!-- Test -->
  </suite> <!-- Suite -->
</testng-results>
