<?xml version="1.0" encoding="UTF-8"?>
<!-- Generated by org.testng.reporters.JUnitXMLReporter -->
<testsuite hostname="LAPTOP-K3RFJ3P7" ignored="0" name="Test" tests="0" failures="0" timestamp="12 Jan 2021 03:34:59 GMT" time="0.117" errors="0">
  <testcase name="@BeforeClass setUpClass" time="0.093" classname="io.cucumber.testng.AbstractTestNGCucumberTests">
    <failure type="io.cucumber.core.exception.CucumberException" message="Couldn&amp;apos;t load plugin class: com.cucumber.listener.ExtentCucumberFormatter">
      <![CDATA[io.cucumber.core.exception.CucumberException: Couldn't load plugin class: com.cucumber.listener.ExtentCucumberFormatter
at io.cucumber.core.options.PluginOption.loadClass(PluginOption.java:117)
at io.cucumber.core.options.PluginOption.parsePluginName(PluginOption.java:102)
at io.cucumber.core.options.PluginOption.parse(PluginOption.java:86)
at io.cucumber.core.options.RuntimeOptionsBuilder$ParsedPluginData.addPluginName(RuntimeOptionsBuilder.java:238)
at io.cucumber.core.options.RuntimeOptionsBuilder.addPluginName(RuntimeOptionsBuilder.java:62)
at io.cucumber.core.options.CucumberOptionsAnnotationParser.addPlugins(CucumberOptionsAnnotationParser.java:109)
at io.cucumber.core.options.CucumberOptionsAnnotationParser.parse(CucumberOptionsAnnotationParser.java:57)
at io.cucumber.testng.TestNGCucumberRunner.<init>(TestNGCucumberRunner.java:79)
at io.cucumber.testng.AbstractTestNGCucumberTests.setUpClass(AbstractTestNGCucumberTests.java:22)
Caused by: java.lang.NoClassDefFoundError: gherkin/formatter/Reporter
at java.lang.ClassLoader.defineClass1(Native Method)
at java.lang.ClassLoader.defineClass(ClassLoader.java:763)
at java.security.SecureClassLoader.defineClass(SecureClassLoader.java:142)
at java.net.URLClassLoader.defineClass(URLClassLoader.java:467)
at java.net.URLClassLoader.access$100(URLClassLoader.java:73)
at java.net.URLClassLoader$1.run(URLClassLoader.java:368)
at java.net.URLClassLoader$1.run(URLClassLoader.java:362)
at java.security.AccessController.doPrivileged(Native Method)
at java.net.URLClassLoader.findClass(URLClassLoader.java:361)
at java.lang.ClassLoader.loadClass(ClassLoader.java:424)
at sun.misc.Launcher$AppClassLoader.loadClass(Launcher.java:331)
at java.lang.ClassLoader.loadClass(ClassLoader.java:357)
at io.cucumber.core.options.PluginOption.loadClass(PluginOption.java:110)
... 34 more
Caused by: java.lang.ClassNotFoundException: gherkin.formatter.Reporter
at java.net.URLClassLoader.findClass(URLClassLoader.java:381)
at java.lang.ClassLoader.loadClass(ClassLoader.java:424)
at sun.misc.Launcher$AppClassLoader.loadClass(Launcher.java:331)
at java.lang.ClassLoader.loadClass(ClassLoader.java:357)
... 47 more
... Removed 26 stack frames]]>
    </failure>
  </testcase> <!-- @BeforeClass setUpClass -->
  <testcase name="@AfterClass generateExtentReport" time="0.0" classname="fedex.runner.FedExRunner">
    <skipped/>
  </testcase> <!-- @AfterClass generateExtentReport -->
</testsuite> <!-- Test -->
