<?xml version="1.0" encoding="UTF-8"?>
<!-- Generated by org.testng.reporters.JUnitXMLReporter -->
<testsuite hostname="LAPTOP-K3RFJ3P7" ignored="0" name="Test" tests="1" failures="1" timestamp="2021-01-08T17:42:02 EST" time="10.692" errors="0">
  <testcase name="runScenario" time="10.255" classname="io.cucumber.testng.AbstractTestNGCucumberTests">
    <failure type="java.lang.NullPointerException">
      <![CDATA[java.lang.NullPointerException
at fedex.actions.VerifyPdfActions.designPrintMenu(VerifyPdfActions.java:28)
at fedex.stepDef.VerifyPdfStepDef.click_on_design_and_print_menu_select_Get_coupon_and_deals(VerifyPdfStepDef.java:18)
at ✽.click on design and print menu , select Get coupon and deals(file:///C:/Users/mhsun/eclipse-workspace/FortFedexProject/src/test/resources/Features/VerifyPdf.feature:7)
]]>
    </failure>
  </testcase> <!-- runScenario -->
</testsuite> <!-- Test -->
