<?xml version="1.0" encoding="UTF-8"?>
<!-- Generated by org.testng.reporters.JUnitReportReporter -->
<testsuite skipped="0" hostname="LAPTOP-K3RFJ3P7" name="fedex.runner.FortFedexRunner$RunCucumberTest" tests="1" failures="0" timestamp="2021-01-08T17:42:02 EST" time="10.255" errors="1">
  <testcase name="runScenario" time="10.255" classname="fedex.runner.FortFedexRunner$RunCucumberTest">
    <error type="java.lang.NullPointerException">
      <![CDATA[java.lang.NullPointerException
at fedex.actions.VerifyPdfActions.designPrintMenu(VerifyPdfActions.java:28)
at fedex.stepDef.VerifyPdfStepDef.click_on_design_and_print_menu_select_Get_coupon_and_deals(VerifyPdfStepDef.java:18)
at ✽.click on design and print menu , select Get coupon and deals(file:///C:/Users/mhsun/eclipse-workspace/FortFedexProject/src/test/resources/Features/VerifyPdf.feature:7)
]]>
    </error>
  </testcase> <!-- runScenario -->
  <system-out/>
</testsuite> <!-- fedex.runner.FortFedexRunner$RunCucumberTest -->
